d:\jordy\dae2-redo\programming 4\examproject\minigin\win32\release\minigin.pdb
d:\jordy\dae2-redo\programming 4\examproject\minigin\win32\release\texturecomponent.obj
d:\jordy\dae2-redo\programming 4\examproject\minigin\win32\release\texture2d.obj
d:\jordy\dae2-redo\programming 4\examproject\minigin\win32\release\textcomponent.obj
d:\jordy\dae2-redo\programming 4\examproject\minigin\win32\release\spritecomponent.obj
d:\jordy\dae2-redo\programming 4\examproject\minigin\win32\release\soundmanager2.obj
d:\jordy\dae2-redo\programming 4\examproject\minigin\win32\release\scenemanager.obj
d:\jordy\dae2-redo\programming 4\examproject\minigin\win32\release\scene.obj
d:\jordy\dae2-redo\programming 4\examproject\minigin\win32\release\resourcemanager.obj
d:\jordy\dae2-redo\programming 4\examproject\minigin\win32\release\renderer.obj
d:\jordy\dae2-redo\programming 4\examproject\minigin\win32\release\physicscomponent.obj
d:\jordy\dae2-redo\programming 4\examproject\minigin\win32\release\miniginpch.obj
d:\jordy\dae2-redo\programming 4\examproject\minigin\win32\release\logger.obj
d:\jordy\dae2-redo\programming 4\examproject\minigin\win32\release\levelmanager.obj
d:\jordy\dae2-redo\programming 4\examproject\minigin\win32\release\gameobject.obj
d:\jordy\dae2-redo\programming 4\examproject\minigin\win32\release\fpscounter.obj
d:\jordy\dae2-redo\programming 4\examproject\minigin\win32\release\fpscomponent.obj
d:\jordy\dae2-redo\programming 4\examproject\minigin\win32\release\font.obj
d:\jordy\dae2-redo\programming 4\examproject\minigin\win32\release\collisioncomponent.obj
d:\jordy\dae2-redo\programming 4\examproject\minigin\win32\release\boundingboxcomponent.obj
d:\jordy\dae2-redo\programming 4\examproject\minigin\win32\release\basecomponent.obj
d:\jordy\dae2-redo\programming 4\examproject\minigin\win32\release\xboxcontroller.obj
d:\jordy\dae2-redo\programming 4\examproject\minigin\win32\release\transformcomponent.obj
d:\jordy\dae2-redo\programming 4\examproject\minigin\win32\release\tilemaploader.obj
d:\jordy\dae2-redo\programming 4\examproject\win32\release\minigin.lib
d:\jordy\dae2-redo\programming 4\examproject\minigin\win32\release\minigin.tlog\cl.command.1.tlog
d:\jordy\dae2-redo\programming 4\examproject\minigin\win32\release\minigin.tlog\cl.read.1.tlog
d:\jordy\dae2-redo\programming 4\examproject\minigin\win32\release\minigin.tlog\cl.write.1.tlog
d:\jordy\dae2-redo\programming 4\examproject\minigin\win32\release\minigin.tlog\lib-link.read.1.tlog
d:\jordy\dae2-redo\programming 4\examproject\minigin\win32\release\minigin.tlog\lib-link.write.1.tlog
d:\jordy\dae2-redo\programming 4\examproject\minigin\win32\release\minigin.tlog\lib.command.1.tlog
