d:\jordy\dae2-redo\programming 4\examproject\minigin\x64\release\minigin.pdb
d:\jordy\dae2-redo\programming 4\examproject\minigin\x64\release\texturecomponent.obj
d:\jordy\dae2-redo\programming 4\examproject\minigin\x64\release\texture2d.obj
d:\jordy\dae2-redo\programming 4\examproject\minigin\x64\release\textcomponent.obj
d:\jordy\dae2-redo\programming 4\examproject\minigin\x64\release\spritecomponent.obj
d:\jordy\dae2-redo\programming 4\examproject\minigin\x64\release\soundmanager2.obj
d:\jordy\dae2-redo\programming 4\examproject\minigin\x64\release\scenemanager.obj
d:\jordy\dae2-redo\programming 4\examproject\minigin\x64\release\scene.obj
d:\jordy\dae2-redo\programming 4\examproject\minigin\x64\release\resourcemanager.obj
d:\jordy\dae2-redo\programming 4\examproject\minigin\x64\release\renderer.obj
d:\jordy\dae2-redo\programming 4\examproject\minigin\x64\release\physicscomponent.obj
d:\jordy\dae2-redo\programming 4\examproject\minigin\x64\release\miniginpch.obj
d:\jordy\dae2-redo\programming 4\examproject\minigin\x64\release\logger.obj
d:\jordy\dae2-redo\programming 4\examproject\minigin\x64\release\levelmanager.obj
d:\jordy\dae2-redo\programming 4\examproject\minigin\x64\release\gameobject.obj
d:\jordy\dae2-redo\programming 4\examproject\minigin\x64\release\fpscounter.obj
d:\jordy\dae2-redo\programming 4\examproject\minigin\x64\release\fpscomponent.obj
d:\jordy\dae2-redo\programming 4\examproject\minigin\x64\release\font.obj
d:\jordy\dae2-redo\programming 4\examproject\minigin\x64\release\collisioncomponent.obj
d:\jordy\dae2-redo\programming 4\examproject\minigin\x64\release\boundingboxcomponent.obj
d:\jordy\dae2-redo\programming 4\examproject\minigin\x64\release\basecomponent.obj
d:\jordy\dae2-redo\programming 4\examproject\minigin\x64\release\xboxcontroller.obj
d:\jordy\dae2-redo\programming 4\examproject\minigin\x64\release\transformcomponent.obj
d:\jordy\dae2-redo\programming 4\examproject\minigin\x64\release\tilemaploader.obj
d:\jordy\dae2-redo\programming 4\examproject\x64\release\minigin.lib
d:\jordy\dae2-redo\programming 4\examproject\minigin\x64\release\minigin.tlog\cl.command.1.tlog
d:\jordy\dae2-redo\programming 4\examproject\minigin\x64\release\minigin.tlog\cl.read.1.tlog
d:\jordy\dae2-redo\programming 4\examproject\minigin\x64\release\minigin.tlog\cl.write.1.tlog
d:\jordy\dae2-redo\programming 4\examproject\minigin\x64\release\minigin.tlog\lib-link.read.1.tlog
d:\jordy\dae2-redo\programming 4\examproject\minigin\x64\release\minigin.tlog\lib-link.write.1.tlog
d:\jordy\dae2-redo\programming 4\examproject\minigin\x64\release\minigin.tlog\lib.command.1.tlog
