d:\jordy\dae2-redo\programming 4\exam_assignment - copy - copy - copy\minigin\x64\debug\game.pch
d:\jordy\dae2-redo\programming 4\exam_assignment - copy - copy - copy\minigin\x64\debug\vc142.pdb
d:\jordy\dae2-redo\programming 4\exam_assignment - copy - copy - copy\minigin\x64\debug\vc142.idb
d:\jordy\dae2-redo\programming 4\exam_assignment - copy - copy - copy\minigin\x64\debug\miniginpch.obj
d:\jordy\dae2-redo\programming 4\exam_assignment - copy - copy - copy\minigin\x64\debug\item.obj
d:\jordy\dae2-redo\programming 4\exam_assignment - copy - copy - copy\minigin\x64\debug\inputobserver.obj
d:\jordy\dae2-redo\programming 4\exam_assignment - copy - copy - copy\minigin\x64\debug\inputmanager.obj
d:\jordy\dae2-redo\programming 4\exam_assignment - copy - copy - copy\minigin\x64\debug\inputcomponent.obj
d:\jordy\dae2-redo\programming 4\exam_assignment - copy - copy - copy\minigin\x64\debug\healthcomponent.obj
d:\jordy\dae2-redo\programming 4\exam_assignment - copy - copy - copy\minigin\x64\debug\ghostaicomponent.obj
d:\jordy\dae2-redo\programming 4\exam_assignment - copy - copy - copy\minigin\x64\debug\ghost.obj
d:\jordy\dae2-redo\programming 4\exam_assignment - copy - copy - copy\minigin\x64\debug\gameobject.obj
d:\jordy\dae2-redo\programming 4\exam_assignment - copy - copy - copy\minigin\x64\debug\fpscounter.obj
d:\jordy\dae2-redo\programming 4\exam_assignment - copy - copy - copy\minigin\x64\debug\fpscomponent.obj
d:\jordy\dae2-redo\programming 4\exam_assignment - copy - copy - copy\minigin\x64\debug\font.obj
d:\jordy\dae2-redo\programming 4\exam_assignment - copy - copy - copy\minigin\x64\debug\enemyobserver.obj
d:\jordy\dae2-redo\programming 4\exam_assignment - copy - copy - copy\minigin\x64\debug\enemymanager.obj
d:\jordy\dae2-redo\programming 4\exam_assignment - copy - copy - copy\minigin\x64\debug\bullet.obj
d:\jordy\dae2-redo\programming 4\exam_assignment - copy - copy - copy\minigin\x64\debug\audio.obj
d:\jordy\dae2-redo\programming 4\exam_assignment - copy - copy - copy\minigin\x64\debug\enemy.obj
d:\jordy\dae2-redo\programming 4\exam_assignment - copy - copy - copy\minigin\x64\debug\command.obj
d:\jordy\dae2-redo\programming 4\exam_assignment - copy - copy - copy\minigin\x64\debug\bulletmanager.obj
d:\jordy\dae2-redo\programming 4\exam_assignment - copy - copy - copy\minigin\x64\debug\boundingboxcomponent.obj
d:\jordy\dae2-redo\programming 4\exam_assignment - copy - copy - copy\minigin\x64\debug\basecomponent.obj
d:\jordy\dae2-redo\programming 4\exam_assignment - copy - copy - copy\minigin\x64\debug\texture2d.obj
d:\jordy\dae2-redo\programming 4\exam_assignment - copy - copy - copy\minigin\x64\debug\textobject.obj
d:\jordy\dae2-redo\programming 4\exam_assignment - copy - copy - copy\minigin\x64\debug\textcomponent.obj
d:\jordy\dae2-redo\programming 4\exam_assignment - copy - copy - copy\minigin\x64\debug\spritecomponent.obj
d:\jordy\dae2-redo\programming 4\exam_assignment - copy - copy - copy\minigin\x64\debug\soundmanager2.obj
d:\jordy\dae2-redo\programming 4\exam_assignment - copy - copy - copy\minigin\x64\debug\soundmanager.obj
d:\jordy\dae2-redo\programming 4\exam_assignment - copy - copy - copy\minigin\x64\debug\soundcommand.obj
d:\jordy\dae2-redo\programming 4\exam_assignment - copy - copy - copy\minigin\x64\debug\scenemanager.obj
d:\jordy\dae2-redo\programming 4\exam_assignment - copy - copy - copy\minigin\x64\debug\scene.obj
d:\jordy\dae2-redo\programming 4\exam_assignment - copy - copy - copy\minigin\x64\debug\resourcemanager.obj
d:\jordy\dae2-redo\programming 4\exam_assignment - copy - copy - copy\minigin\x64\debug\renderer.obj
d:\jordy\dae2-redo\programming 4\exam_assignment - copy - copy - copy\minigin\x64\debug\playercomponent.obj
d:\jordy\dae2-redo\programming 4\exam_assignment - copy - copy - copy\minigin\x64\debug\player.obj
d:\jordy\dae2-redo\programming 4\exam_assignment - copy - copy - copy\minigin\x64\debug\physicscomponent.obj
d:\jordy\dae2-redo\programming 4\exam_assignment - copy - copy - copy\minigin\x64\debug\entity.obj
d:\jordy\dae2-redo\programming 4\exam_assignment - copy - copy - copy\minigin\x64\debug\minigin.obj
d:\jordy\dae2-redo\programming 4\exam_assignment - copy - copy - copy\minigin\x64\debug\main.obj
d:\jordy\dae2-redo\programming 4\exam_assignment - copy - copy - copy\minigin\x64\debug\logger.obj
d:\jordy\dae2-redo\programming 4\exam_assignment - copy - copy - copy\minigin\x64\debug\log.obj
d:\jordy\dae2-redo\programming 4\exam_assignment - copy - copy - copy\minigin\x64\debug\itemmanager.obj
d:\jordy\dae2-redo\programming 4\exam_assignment - copy - copy - copy\minigin\x64\debug\zenchanaicomponent.obj
d:\jordy\dae2-redo\programming 4\exam_assignment - copy - copy - copy\minigin\x64\debug\zenchan.obj
d:\jordy\dae2-redo\programming 4\exam_assignment - copy - copy - copy\minigin\x64\debug\xboxcontroller.obj
d:\jordy\dae2-redo\programming 4\exam_assignment - copy - copy - copy\minigin\x64\debug\transformcomponent.obj
d:\jordy\dae2-redo\programming 4\exam_assignment - copy - copy - copy\minigin\x64\debug\transform.obj
d:\jordy\dae2-redo\programming 4\exam_assignment - copy - copy - copy\minigin\x64\debug\tilemaploader.obj
d:\jordy\dae2-redo\programming 4\exam_assignment - copy - copy - copy\minigin\x64\debug\texturecomponent.obj
d:\jordy\dae2-redo\programming 4\exam_assignment - copy - copy - copy\minigin\x64\debug\minigin.res
d:\jordy\dae2-redo\programming 4\exam_assignment - copy - copy - copy\minigin\x64\debug\game.tlog\cl.command.1.tlog
d:\jordy\dae2-redo\programming 4\exam_assignment - copy - copy - copy\minigin\x64\debug\game.tlog\cl.read.1.tlog
d:\jordy\dae2-redo\programming 4\exam_assignment - copy - copy - copy\minigin\x64\debug\game.tlog\cl.write.1.tlog
d:\jordy\dae2-redo\programming 4\exam_assignment - copy - copy - copy\minigin\x64\debug\game.tlog\link.command.1.tlog
d:\jordy\dae2-redo\programming 4\exam_assignment - copy - copy - copy\minigin\x64\debug\game.tlog\link.read.1.tlog
d:\jordy\dae2-redo\programming 4\exam_assignment - copy - copy - copy\minigin\x64\debug\game.tlog\link.write.1.tlog
d:\jordy\dae2-redo\programming 4\exam_assignment - copy - copy - copy\minigin\x64\debug\game.tlog\rc.command.1.tlog
d:\jordy\dae2-redo\programming 4\exam_assignment - copy - copy - copy\minigin\x64\debug\game.tlog\rc.read.1.tlog
d:\jordy\dae2-redo\programming 4\exam_assignment - copy - copy - copy\minigin\x64\debug\game.tlog\rc.write.1.tlog
