d:\jordy\dae2-redo\programming 4\examproject\game\x64\release\vc142.pdb
d:\jordy\dae2-redo\programming 4\examproject\game\x64\release\itemmanager.obj
d:\jordy\dae2-redo\programming 4\examproject\game\x64\release\itemcomponent.obj
d:\jordy\dae2-redo\programming 4\examproject\game\x64\release\inputobserver.obj
d:\jordy\dae2-redo\programming 4\examproject\game\x64\release\inputmanager.obj
d:\jordy\dae2-redo\programming 4\examproject\game\x64\release\inputbaseobserver.obj
d:\jordy\dae2-redo\programming 4\examproject\game\x64\release\inputcomponent.obj
d:\jordy\dae2-redo\programming 4\examproject\game\x64\release\healthcomponent.obj
d:\jordy\dae2-redo\programming 4\examproject\game\x64\release\ghostaicomponent.obj
d:\jordy\dae2-redo\programming 4\examproject\game\x64\release\gameovermenuobserver.obj
d:\jordy\dae2-redo\programming 4\examproject\game\x64\release\gameovermenu.obj
d:\jordy\dae2-redo\programming 4\examproject\game\x64\release\gameinfo.obj
d:\jordy\dae2-redo\programming 4\examproject\game\x64\release\enemyobserver.obj
d:\jordy\dae2-redo\programming 4\examproject\game\x64\release\enemymanager.obj
d:\jordy\dae2-redo\programming 4\examproject\game\x64\release\endmenuobserver.obj
d:\jordy\dae2-redo\programming 4\examproject\game\x64\release\endlevelmenu.obj
d:\jordy\dae2-redo\programming 4\examproject\game\x64\release\command.obj
d:\jordy\dae2-redo\programming 4\examproject\game\x64\release\bubblemanager.obj
d:\jordy\dae2-redo\programming 4\examproject\game\x64\release\bubblecomponent.obj
d:\jordy\dae2-redo\programming 4\examproject\game\x64\release\bouldermanager.obj
d:\jordy\dae2-redo\programming 4\examproject\game\x64\release\bouldercomponent.obj
d:\jordy\dae2-redo\programming 4\examproject\game\x64\release\zenchanaicomponent.obj
d:\jordy\dae2-redo\programming 4\examproject\game\x64\release\ui.obj
d:\jordy\dae2-redo\programming 4\examproject\game\x64\release\showscorecomponent.obj
d:\jordy\dae2-redo\programming 4\examproject\game\x64\release\showhealthcomponent.obj
d:\jordy\dae2-redo\programming 4\examproject\game\x64\release\scorepopupmanager.obj
d:\jordy\dae2-redo\programming 4\examproject\game\x64\release\scorepopupcomponent.obj
d:\jordy\dae2-redo\programming 4\examproject\game\x64\release\scoreboard.obj
d:\jordy\dae2-redo\programming 4\examproject\game\x64\release\playerversuscomponent.obj
d:\jordy\dae2-redo\programming 4\examproject\game\x64\release\minigin.obj
d:\jordy\dae2-redo\programming 4\examproject\game\x64\release\menuobserver.obj
d:\jordy\dae2-redo\programming 4\examproject\game\x64\release\menu.obj
d:\jordy\dae2-redo\programming 4\examproject\game\x64\release\maitaaicomponent.obj
d:\jordy\dae2-redo\programming 4\examproject\game\x64\release\main.obj
d:\jordy\dae2-redo\programming 4\examproject\x64\release\game.lib
d:\jordy\dae2-redo\programming 4\examproject\x64\release\game.exp
d:\jordy\dae2-redo\programming 4\examproject\x64\release\game.ipdb
d:\jordy\dae2-redo\programming 4\examproject\x64\release\game.iobj
d:\jordy\dae2-redo\programming 4\examproject\x64\release\game.exe
d:\jordy\dae2-redo\programming 4\examproject\x64\release\game.pdb
d:\jordy\dae2-redo\programming 4\examproject\game\x64\release\game.tlog\cl.command.1.tlog
d:\jordy\dae2-redo\programming 4\examproject\game\x64\release\game.tlog\cl.read.1.tlog
d:\jordy\dae2-redo\programming 4\examproject\game\x64\release\game.tlog\cl.write.1.tlog
d:\jordy\dae2-redo\programming 4\examproject\game\x64\release\game.tlog\game.write.1u.tlog
d:\jordy\dae2-redo\programming 4\examproject\game\x64\release\game.tlog\link.command.1.tlog
d:\jordy\dae2-redo\programming 4\examproject\game\x64\release\game.tlog\link.read.1.tlog
d:\jordy\dae2-redo\programming 4\examproject\game\x64\release\game.tlog\link.write.1.tlog
