d:\jordy\dae2-redo\programming 4\examproject\game\win32\debug\game.pch
d:\jordy\dae2-redo\programming 4\examproject\game\win32\debug\vc142.pdb
d:\jordy\dae2-redo\programming 4\examproject\game\win32\debug\vc142.idb
d:\jordy\dae2-redo\programming 4\examproject\game\win32\debug\bouldercomponent.obj
d:\jordy\dae2-redo\programming 4\examproject\game\win32\debug\bouldermanager.obj
d:\jordy\dae2-redo\programming 4\examproject\game\win32\debug\bubblecomponent.obj
d:\jordy\dae2-redo\programming 4\examproject\game\win32\debug\bubblemanager.obj
d:\jordy\dae2-redo\programming 4\examproject\game\win32\debug\command.obj
d:\jordy\dae2-redo\programming 4\examproject\game\win32\debug\endlevelmenu.obj
d:\jordy\dae2-redo\programming 4\examproject\game\win32\debug\endmenuobserver.obj
d:\jordy\dae2-redo\programming 4\examproject\game\win32\debug\enemymanager.obj
d:\jordy\dae2-redo\programming 4\examproject\game\win32\debug\enemyobserver.obj
d:\jordy\dae2-redo\programming 4\examproject\game\win32\debug\gameinfo.obj
d:\jordy\dae2-redo\programming 4\examproject\game\win32\debug\gameovermenu.obj
d:\jordy\dae2-redo\programming 4\examproject\game\win32\debug\gameovermenuobserver.obj
d:\jordy\dae2-redo\programming 4\examproject\game\win32\debug\ghostaicomponent.obj
d:\jordy\dae2-redo\programming 4\examproject\game\win32\debug\healthcomponent.obj
d:\jordy\dae2-redo\programming 4\examproject\game\win32\debug\inputcomponent.obj
d:\jordy\dae2-redo\programming 4\examproject\game\win32\debug\inputbaseobserver.obj
d:\jordy\dae2-redo\programming 4\examproject\game\win32\debug\inputmanager.obj
d:\jordy\dae2-redo\programming 4\examproject\game\win32\debug\inputobserver.obj
d:\jordy\dae2-redo\programming 4\examproject\game\win32\debug\itemcomponent.obj
d:\jordy\dae2-redo\programming 4\examproject\game\win32\debug\itemmanager.obj
d:\jordy\dae2-redo\programming 4\examproject\game\win32\debug\main.obj
d:\jordy\dae2-redo\programming 4\examproject\game\win32\debug\maitaaicomponent.obj
d:\jordy\dae2-redo\programming 4\examproject\game\win32\debug\menu.obj
d:\jordy\dae2-redo\programming 4\examproject\game\win32\debug\menuobserver.obj
d:\jordy\dae2-redo\programming 4\examproject\game\win32\debug\minigin.obj
d:\jordy\dae2-redo\programming 4\examproject\game\win32\debug\playerversuscomponent.obj
d:\jordy\dae2-redo\programming 4\examproject\game\win32\debug\scoreboard.obj
d:\jordy\dae2-redo\programming 4\examproject\game\win32\debug\scorepopupcomponent.obj
d:\jordy\dae2-redo\programming 4\examproject\game\win32\debug\scorepopupmanager.obj
d:\jordy\dae2-redo\programming 4\examproject\game\win32\debug\showhealthcomponent.obj
d:\jordy\dae2-redo\programming 4\examproject\game\win32\debug\showscorecomponent.obj
d:\jordy\dae2-redo\programming 4\examproject\game\win32\debug\ui.obj
d:\jordy\dae2-redo\programming 4\examproject\game\win32\debug\zenchanaicomponent.obj
d:\jordy\dae2-redo\programming 4\examproject\win32\debug\game.lib
d:\jordy\dae2-redo\programming 4\examproject\win32\debug\game.exp
d:\jordy\dae2-redo\programming 4\examproject\win32\debug\game.ilk
d:\jordy\dae2-redo\programming 4\examproject\win32\debug\game.exe
d:\jordy\dae2-redo\programming 4\examproject\win32\debug\game.pdb
d:\jordy\dae2-redo\programming 4\examproject\game\win32\debug\game.tlog\cl.command.1.tlog
d:\jordy\dae2-redo\programming 4\examproject\game\win32\debug\game.tlog\cl.read.1.tlog
d:\jordy\dae2-redo\programming 4\examproject\game\win32\debug\game.tlog\cl.write.1.tlog
d:\jordy\dae2-redo\programming 4\examproject\game\win32\debug\game.tlog\game.write.1u.tlog
d:\jordy\dae2-redo\programming 4\examproject\game\win32\debug\game.tlog\link.command.1.tlog
d:\jordy\dae2-redo\programming 4\examproject\game\win32\debug\game.tlog\link.read.1.tlog
d:\jordy\dae2-redo\programming 4\examproject\game\win32\debug\game.tlog\link.write.1.tlog
