  BubbleComponent.cpp
  Bullet.cpp
  BulletManager.cpp
  Command.cpp
  Enemy.cpp
  EnemyManager.cpp
  EnemyObserver.cpp
  Ghost.cpp
  GhostAIComponent.cpp
  HealthComponent.cpp
  InputComponent.cpp
  InputManager.cpp
  InputObserver.cpp
  Main.cpp
  Menu.cpp
  Minigin.cpp
  Player.cpp
  PlayerComponent.cpp
  TileMapLoader.cpp
  ZenChan.cpp
  ZenChanAIComponent.cpp
     Creating library D:\Jordy\DAE2-Redo\programming 4\ExamProject\Win32\Debug\Game.lib and object D:\Jordy\DAE2-Redo\programming 4\ExamProject\Win32\Debug\Game.exp
  Game.vcxproj -> D:\Jordy\DAE2-Redo\programming 4\ExamProject\Win32\Debug\Game.exe
  D:\Jordy\DAE2-Redo\programming 4\ExamProject\3rdParty\SDL2\lib\x86\SDL2.dll
  1 File(s) copied
  D:\Jordy\DAE2-Redo\programming 4\ExamProject\3rdParty\SDL2_image\lib\x86\libjpeg-9.dll
  D:\Jordy\DAE2-Redo\programming 4\ExamProject\3rdParty\SDL2_image\lib\x86\libpng16-16.dll
  D:\Jordy\DAE2-Redo\programming 4\ExamProject\3rdParty\SDL2_image\lib\x86\libtiff-5.dll
  D:\Jordy\DAE2-Redo\programming 4\ExamProject\3rdParty\SDL2_image\lib\x86\libwebp-7.dll
  D:\Jordy\DAE2-Redo\programming 4\ExamProject\3rdParty\SDL2_image\lib\x86\SDL2_image.dll
  D:\Jordy\DAE2-Redo\programming 4\ExamProject\3rdParty\SDL2_image\lib\x86\zlib1.dll
  6 File(s) copied
  D:\Jordy\DAE2-Redo\programming 4\ExamProject\3rdParty\SDL2_ttf\lib\x86\libfreetype-6.dll
  D:\Jordy\DAE2-Redo\programming 4\ExamProject\3rdParty\SDL2_ttf\lib\x86\SDL2_ttf.dll
  2 File(s) copied
