d:\jordy\dae2-redo\programming 4\examproject\minigin\win32\debug\minigin.pch
d:\jordy\dae2-redo\programming 4\examproject\minigin\win32\debug\minigin.pdb
d:\jordy\dae2-redo\programming 4\examproject\minigin\win32\debug\minigin.idb
d:\jordy\dae2-redo\programming 4\examproject\minigin\win32\debug\audio.obj
d:\jordy\dae2-redo\programming 4\examproject\minigin\win32\debug\basecomponent.obj
d:\jordy\dae2-redo\programming 4\examproject\minigin\win32\debug\boundingboxcomponent.obj
d:\jordy\dae2-redo\programming 4\examproject\minigin\win32\debug\entity.obj
d:\jordy\dae2-redo\programming 4\examproject\minigin\win32\debug\font.obj
d:\jordy\dae2-redo\programming 4\examproject\minigin\win32\debug\fpscomponent.obj
d:\jordy\dae2-redo\programming 4\examproject\minigin\win32\debug\fpscounter.obj
d:\jordy\dae2-redo\programming 4\examproject\minigin\win32\debug\gameobject.obj
d:\jordy\dae2-redo\programming 4\examproject\minigin\win32\debug\log.obj
d:\jordy\dae2-redo\programming 4\examproject\minigin\win32\debug\logger.obj
d:\jordy\dae2-redo\programming 4\examproject\minigin\win32\debug\miniginpch.obj
d:\jordy\dae2-redo\programming 4\examproject\minigin\win32\debug\physicscomponent.obj
d:\jordy\dae2-redo\programming 4\examproject\minigin\win32\debug\renderer.obj
d:\jordy\dae2-redo\programming 4\examproject\minigin\win32\debug\resourcemanager.obj
d:\jordy\dae2-redo\programming 4\examproject\minigin\win32\debug\scene.obj
d:\jordy\dae2-redo\programming 4\examproject\minigin\win32\debug\scenemanager.obj
d:\jordy\dae2-redo\programming 4\examproject\minigin\win32\debug\soundmanager2.obj
d:\jordy\dae2-redo\programming 4\examproject\minigin\win32\debug\spritecomponent.obj
d:\jordy\dae2-redo\programming 4\examproject\minigin\win32\debug\textcomponent.obj
d:\jordy\dae2-redo\programming 4\examproject\minigin\win32\debug\texture2d.obj
d:\jordy\dae2-redo\programming 4\examproject\minigin\win32\debug\texturecomponent.obj
d:\jordy\dae2-redo\programming 4\examproject\minigin\win32\debug\tilemaploader.obj
d:\jordy\dae2-redo\programming 4\examproject\minigin\win32\debug\transform.obj
d:\jordy\dae2-redo\programming 4\examproject\minigin\win32\debug\transformcomponent.obj
d:\jordy\dae2-redo\programming 4\examproject\minigin\win32\debug\xboxcontroller.obj
d:\jordy\dae2-redo\programming 4\examproject\win32\debug\minigin.lib
d:\jordy\dae2-redo\programming 4\examproject\win32\debug\minigin.pdb
d:\jordy\dae2-redo\programming 4\examproject\minigin\win32\debug\minigin.tlog\cl.command.1.tlog
d:\jordy\dae2-redo\programming 4\examproject\minigin\win32\debug\minigin.tlog\cl.read.1.tlog
d:\jordy\dae2-redo\programming 4\examproject\minigin\win32\debug\minigin.tlog\cl.write.1.tlog
d:\jordy\dae2-redo\programming 4\examproject\minigin\win32\debug\minigin.tlog\lib-link.read.1.tlog
d:\jordy\dae2-redo\programming 4\examproject\minigin\win32\debug\minigin.tlog\lib-link.write.1.tlog
d:\jordy\dae2-redo\programming 4\examproject\minigin\win32\debug\minigin.tlog\lib.command.1.tlog
