  MiniginPCH.cpp
  BaseComponent.cpp
  Font.cpp
  FpsComponent.cpp
  FPSCounter.cpp
  GameObject.cpp
  InputComponent.cpp
  InputManager.cpp
  Log.cpp
  Logger.cpp
  Main.cpp
  Minigin.cpp
D:\Jordy\DAE2-Redo\programming 4\Exam_Assignment - Copy - Copy - Copy\Minigin\Minigin.cpp(42,69): error C2027: use of undefined type 'InputObserver'
  Entity.cpp
  PhysicsComponent.cpp
  Player.cpp
  Renderer.cpp
  ResourceManager.cpp
  Scene.cpp
  SceneManager.cpp
  SpriteComponent.cpp
  TextObject.cpp
  Generating Code...
  Compiling...
  Texture2D.cpp
  TextComponent.cpp
  TextureComponent.cpp
  Transform.cpp
  TransformComponent.cpp
  Generating Code...
D:\Jordy\DAE2-Redo\programming 4\Exam_Assignment - Copy - Copy - Copy\Minigin\Minigin.h(6): message : see declaration of 'InputObserver'
