  MiniginPCH.cpp
  AI.cpp
  AIComponent.cpp
  Audio.cpp
  BaseComponent.cpp
  Bullet.cpp
  CollisionComponent.cpp
  Command.cpp
  Font.cpp
  FpsComponent.cpp
  FPSCounter.cpp
  GameObject.cpp
  InputComponent.cpp
  InputManager.cpp
  InputObserver.cpp
  Log.cpp
  Logger.cpp
  Main.cpp
  Minigin.cpp
  Entity.cpp
  PhysicsComponent.cpp
  Compiling...
  Player.cpp
  Renderer.cpp
  ResourceManager.cpp
  Scene.cpp
  SceneManager.cpp
  SoundCommand.cpp
  SoundManager.cpp
  SoundManager2.cpp
  SpriteComponent.cpp
  TextObject.cpp
  Texture2D.cpp
  TextComponent.cpp
  TextureComponent.cpp
  TileMapLoader.cpp
  Transform.cpp
  TransformComponent.cpp
  XboxController.cpp
     Creating library D:\Jordy\DAE2-Redo\programming 4\Exam_Assignment - Copy - Copy - Copy\Win32\Release\Minigin.lib and object D:\Jordy\DAE2-Redo\programming 4\Exam_Assignment - Copy - Copy - Copy\Win32\Release\Minigin.exp
  Generating code
  Previous IPDB not found, fall back to full compilation.
  All 1565 functions were compiled because no usable IPDB/IOBJ from previous compilation was found.
  Finished generating code
  Minigin.vcxproj -> D:\Jordy\DAE2-Redo\programming 4\Exam_Assignment - Copy - Copy - Copy\Win32\Release\Minigin.exe
  D:\Jordy\DAE2-Redo\programming 4\Exam_Assignment - Copy - Copy - Copy\3rdParty\SDL2\lib\x86\SDL2.dll
  1 File(s) copied
  D:\Jordy\DAE2-Redo\programming 4\Exam_Assignment - Copy - Copy - Copy\3rdParty\SDL2_image\lib\x86\libjpeg-9.dll
  D:\Jordy\DAE2-Redo\programming 4\Exam_Assignment - Copy - Copy - Copy\3rdParty\SDL2_image\lib\x86\libpng16-16.dll
  D:\Jordy\DAE2-Redo\programming 4\Exam_Assignment - Copy - Copy - Copy\3rdParty\SDL2_image\lib\x86\libtiff-5.dll
  D:\Jordy\DAE2-Redo\programming 4\Exam_Assignment - Copy - Copy - Copy\3rdParty\SDL2_image\lib\x86\libwebp-7.dll
  D:\Jordy\DAE2-Redo\programming 4\Exam_Assignment - Copy - Copy - Copy\3rdParty\SDL2_image\lib\x86\SDL2_image.dll
  D:\Jordy\DAE2-Redo\programming 4\Exam_Assignment - Copy - Copy - Copy\3rdParty\SDL2_image\lib\x86\zlib1.dll
  6 File(s) copied
  D:\Jordy\DAE2-Redo\programming 4\Exam_Assignment - Copy - Copy - Copy\3rdParty\SDL2_ttf\lib\x86\libfreetype-6.dll
  D:\Jordy\DAE2-Redo\programming 4\Exam_Assignment - Copy - Copy - Copy\3rdParty\SDL2_ttf\lib\x86\SDL2_ttf.dll
  2 File(s) copied
